<?xml version="1.0" encoding="UTF-8"?>
<!-- Generated by org.testng.reporters.JUnitXMLReporter -->
<testsuite ignored="0" hostname="BHUSHAN" failures="0" tests="3" name="Default test" time="9.522" errors="0" timestamp="29 Jun 2022 10:24:19 GMT">
  <testcase classname="TestNGPract.LoginTest" name="signup" time="2.799"/>
  <testcase classname="TestNGPract.LoginTest" name="pageTitle" time="0.016"/>
  <testcase classname="TestNGPract.LoginTest" name="loginTest" time="1.275"/>
</testsuite> <!-- Default test -->
