<?xml version="1.0" encoding="UTF-8"?>
<testng-results ignored="0" total="3" passed="3" failed="0" skipped="0">
  <reporter-output>
  </reporter-output>
  <suite started-at="2022-06-29T10:24:10Z" name="Default suite" finished-at="2022-06-29T10:24:19Z" duration-ms="9522">
    <groups>
    </groups>
    <test started-at="2022-06-29T10:24:10Z" name="Default test" finished-at="2022-06-29T10:24:19Z" duration-ms="9522">
      <class name="TestNGPract.LoginTest">
        <test-method is-config="true" signature="setup()[pri:0, instance:TestNGPract.LoginTest@1e178745]" started-at="2022-06-29T10:24:10Z" name="setup" finished-at="2022-06-29T10:24:14Z" duration-ms="4624" status="PASS">
          <reporter-output>
          </reporter-output>
        </test-method> <!-- setup -->
        <test-method signature="signup()[pri:1, instance:TestNGPract.LoginTest@1e178745]" started-at="2022-06-29T10:24:14Z" name="signup" finished-at="2022-06-29T10:24:17Z" duration-ms="2799" status="PASS">
          <reporter-output>
          </reporter-output>
        </test-method> <!-- signup -->
        <test-method signature="pageTitle()[pri:2, instance:TestNGPract.LoginTest@1e178745]" started-at="2022-06-29T10:24:17Z" name="pageTitle" finished-at="2022-06-29T10:24:17Z" duration-ms="16" status="PASS">
          <reporter-output>
          </reporter-output>
        </test-method> <!-- pageTitle -->
        <test-method signature="loginTest()[pri:3, instance:TestNGPract.LoginTest@1e178745]" started-at="2022-06-29T10:24:17Z" name="loginTest" finished-at="2022-06-29T10:24:18Z" duration-ms="1275" status="PASS">
          <reporter-output>
          </reporter-output>
        </test-method> <!-- loginTest -->
        <test-method is-config="true" signature="teardown()[pri:0, instance:TestNGPract.LoginTest@1e178745]" started-at="2022-06-29T10:24:18Z" name="teardown" finished-at="2022-06-29T10:24:19Z" duration-ms="754" status="PASS">
          <reporter-output>
          </reporter-output>
        </test-method> <!-- teardown -->
      </class> <!-- TestNGPract.LoginTest -->
    </test> <!-- Default test -->
  </suite> <!-- Default suite -->
</testng-results>
